2026-05-31 16:58:28 | INFO    | cos | Log file: C:\Users\lvgar\Music\COS\carbono_cos_dl\logs\run_20260531_165828.log
2026-05-31 16:58:30 | INFO    | cos | Etiquetas COS validas: 820 (min=0.45 max=5.17 media=1.82)
2026-05-31 16:58:30 | INFO    | cos | [NIR] archivos=971, en comun con etiquetas (sin blacklist)=781
2026-05-31 16:58:32 | INFO    | cos | [NIR] dataset -> X(15620, 486) y(15620,), bandas 917.1-2448.7 nm
2026-05-31 16:58:34 | INFO    | cos | Dataset NIR cacheado en C:\Users\lvgar\Music\COS\carbono_cos_dl\cache\dataset_NIR_replicas.npz
2026-05-31 16:58:34 | INFO    | cos | ============================================================
2026-05-31 16:58:34 | INFO    | cos | Iniciando rejilla: 6 experimentos (agregacion=replicas)
2026-05-31 16:58:34 | INFO    | cos |   modelos=['LucasVGG16', 'LucasResNet16']
2026-05-31 16:58:34 | INFO    | cos |   rangos=['NIR']
2026-05-31 16:58:34 | INFO    | cos |   preprocesados=['raw', 'sg1', 'snv']
2026-05-31 16:58:34 | INFO    | cos |   semillas=[0]  epocas=80
2026-05-31 16:58:34 | INFO    | cos | ============================================================
2026-05-31 16:58:34 | INFO    | cos | [1/6] NIR__LucasVGG16__raw__replicas__seed0
2026-05-31 16:58:34 | INFO    | cos | [LucasVGG16|raw|seed=0] params=207907, train=10920 val=2340 test=2360, bandas=486
2026-05-31 17:01:34 | INFO    | cos | [LucasVGG16|raw|seed=0] R2=0.382 RMSE=0.503 RPD=1.27 (180.0s)
2026-05-31 17:01:34 | INFO    | cos | [2/6] NIR__LucasVGG16__sg1__replicas__seed0
2026-05-31 17:01:34 | INFO    | cos | [LucasVGG16|sg1|seed=0] params=207907, train=10920 val=2340 test=2360, bandas=486
2026-05-31 17:05:02 | INFO    | cos | [LucasVGG16|sg1|seed=0] R2=0.359 RMSE=0.512 RPD=1.25 (208.0s)
2026-05-31 17:05:02 | INFO    | cos | [3/6] NIR__LucasVGG16__snv__replicas__seed0
2026-05-31 17:05:02 | INFO    | cos | [LucasVGG16|snv|seed=0] params=207907, train=10920 val=2340 test=2360, bandas=486
2026-05-31 17:08:01 | INFO    | cos | [LucasVGG16|snv|seed=0] R2=0.319 RMSE=0.528 RPD=1.21 (179.1s)
2026-05-31 17:08:01 | INFO    | cos | [4/6] NIR__LucasResNet16__raw__replicas__seed0
2026-05-31 17:08:01 | INFO    | cos | [LucasResNet16|raw|seed=0] params=316129, train=10920 val=2340 test=2360, bandas=486
2026-05-31 17:10:24 | INFO    | cos | [LucasResNet16|raw|seed=0] R2=0.359 RMSE=0.512 RPD=1.25 (143.6s)
2026-05-31 17:10:25 | INFO    | cos | [5/6] NIR__LucasResNet16__sg1__replicas__seed0
2026-05-31 17:10:25 | INFO    | cos | [LucasResNet16|sg1|seed=0] params=316129, train=10920 val=2340 test=2360, bandas=486
2026-05-31 17:12:42 | INFO    | cos | [LucasResNet16|sg1|seed=0] R2=0.329 RMSE=0.524 RPD=1.22 (138.0s)
2026-05-31 17:12:42 | INFO    | cos | [6/6] NIR__LucasResNet16__snv__replicas__seed0
2026-05-31 17:12:43 | INFO    | cos | [LucasResNet16|snv|seed=0] params=316129, train=10920 val=2340 test=2360, bandas=486
2026-05-31 17:15:10 | INFO    | cos | [LucasResNet16|snv|seed=0] R2=0.373 RMSE=0.507 RPD=1.26 (147.2s)
2026-05-31 17:15:10 | INFO    | cos | Rejilla terminada en 16.6 min. Resultados -> C:\Users\lvgar\Music\COS\carbono_cos_dl\results\all_results.csv
2026-05-31 17:15:10 | INFO    | cos | Dataset NIR cargado desde cache (781 muestras)
2026-05-31 17:15:59 | INFO    | cos | Top 10 bandas (NIR): 1369nm, 1321nm, 2299nm, 1572nm, 1398nm, 1344nm, 1128nm, 2355nm, 1182nm, 2277nm
2026-05-31 17:15:59 | INFO    | cos | Reporte HTML generado: C:\Users\lvgar\Music\COS\carbono_cos_dl\results\reporte_final.html
2026-05-31 17:15:59 | INFO    | cos | LISTO. Abre el reporte: C:\Users\lvgar\Music\COS\carbono_cos_dl\results\reporte_final.html
