2026-06-08 21:07:31 | INFO    | cos | Log file: C:\Users\lvgar\Music\COS\carbono_cos_dl\logs\run_20260608_210731.log
2026-06-08 21:07:31 | INFO    | cos | Dataset NIR cargado desde cache (15620 muestras)
2026-06-08 21:07:31 | INFO    | cos | ============================================================
2026-06-08 21:07:31 | INFO    | cos | Iniciando rejilla: 3 experimentos (agregacion=replicas)
2026-06-08 21:07:31 | INFO    | cos |   modelos=['MLP']
2026-06-08 21:07:31 | INFO    | cos |   rangos=['NIR']
2026-06-08 21:07:31 | INFO    | cos |   preprocesados=['raw', 'snv', 'sg1']
2026-06-08 21:07:31 | INFO    | cos |   semillas=[0]  epocas=300
2026-06-08 21:07:31 | INFO    | cos | ============================================================
2026-06-08 21:07:31 | INFO    | cos | [1/3] NIR__MLP__raw__replicas__seed0
2026-06-08 21:07:31 | INFO    | cos | [MLP|raw|seed=0] params=165889, train=10920 val=2340 test=2360, bandas=486
2026-06-08 21:10:19 | INFO    | cos | [MLP|raw|seed=0] R2=0.454 RMSE=0.473 RPD=1.35 (167.2s)
2026-06-08 21:10:19 | INFO    | cos | [2/3] NIR__MLP__snv__replicas__seed0
2026-06-08 21:10:19 | INFO    | cos | [MLP|snv|seed=0] params=165889, train=10920 val=2340 test=2360, bandas=486
2026-06-08 21:11:07 | INFO    | cos | [MLP|snv|seed=0] R2=0.427 RMSE=0.484 RPD=1.32 (48.5s)
2026-06-08 21:11:07 | INFO    | cos | [3/3] NIR__MLP__sg1__replicas__seed0
2026-06-08 21:11:07 | INFO    | cos | [MLP|sg1|seed=0] params=165889, train=10920 val=2340 test=2360, bandas=486
2026-06-08 21:12:20 | INFO    | cos | [MLP|sg1|seed=0] R2=0.476 RMSE=0.463 RPD=1.38 (73.4s)
2026-06-08 21:12:20 | INFO    | cos | Rejilla terminada en 4.8 min. Resultados -> C:\Users\lvgar\Music\COS\carbono_cos_dl\results\all_results.csv
2026-06-08 21:12:21 | INFO    | cos | Dataset NIR cargado desde cache (15620 muestras)
2026-06-08 21:14:01 | INFO    | cos | Top 10 bandas (NIR): 1950nm, 2214nm, 997nm, 2164nm, 1991nm, 2405nm, 1394nm, 1486nm, 1121nm, 1928nm
2026-06-08 21:14:02 | INFO    | cos | Reporte HTML generado: C:\Users\lvgar\Music\COS\carbono_cos_dl\results\reporte_final.html
2026-06-08 21:14:02 | INFO    | cos | LISTO. Abre el reporte: C:\Users\lvgar\Music\COS\carbono_cos_dl\results\reporte_final.html
