2026-06-07 17:08:14 | INFO    | cos | Log file: C:\Users\lvgar\Music\COS\carbono_cos_dl\logs\run_20260607_170814.log
2026-06-07 17:08:14 | INFO    | cos | Dataset VIS cargado desde cache (781 muestras)
2026-06-07 17:08:14 | INFO    | cos | Dataset NIR cargado desde cache (781 muestras)
2026-06-07 17:08:14 | INFO    | cos | Dataset VISNIR cargado desde cache (781 muestras)
2026-06-07 17:08:14 | INFO    | cos | ============================================================
2026-06-07 17:08:14 | INFO    | cos | Iniciando rejilla: 3 experimentos (agregacion=median)
2026-06-07 17:08:14 | INFO    | cos |   modelos=['MLP']
2026-06-07 17:08:14 | INFO    | cos |   rangos=['VIS', 'NIR', 'VISNIR']
2026-06-07 17:08:14 | INFO    | cos |   preprocesados=['raw']
2026-06-07 17:08:14 | INFO    | cos |   semillas=[0]  epocas=150
2026-06-07 17:08:14 | INFO    | cos | ============================================================
2026-06-07 17:08:14 | INFO    | cos | [1/3] VIS__MLP__raw__median__seed0
2026-06-07 17:08:14 | INFO    | cos | [MLP|raw|seed=0] params=425985, train=546 val=117 test=118, bandas=1502
2026-06-07 17:08:57 | INFO    | cos | [MLP|raw|seed=0] R2=0.156 RMSE=0.588 RPD=1.09 (42.3s)
2026-06-07 17:08:57 | INFO    | cos | [2/3] NIR__MLP__raw__median__seed0
2026-06-07 17:08:57 | INFO    | cos | [MLP|raw|seed=0] params=165889, train=546 val=117 test=118, bandas=486
2026-06-07 17:09:24 | INFO    | cos | [MLP|raw|seed=0] R2=0.064 RMSE=0.619 RPD=1.03 (27.3s)
2026-06-07 17:09:24 | INFO    | cos | [3/3] VISNIR__MLP__raw__median__seed0
2026-06-07 17:09:24 | INFO    | cos | [MLP|raw|seed=0] params=550401, train=546 val=117 test=118, bandas=1988
2026-06-07 17:09:52 | INFO    | cos | [MLP|raw|seed=0] R2=0.167 RMSE=0.584 RPD=1.10 (27.8s)
2026-06-07 17:09:52 | INFO    | cos | Rejilla terminada en 1.6 min. Resultados -> C:\Users\lvgar\Music\COS\carbono_cos_dl\results\all_results.csv
2026-06-07 17:09:52 | INFO    | cos | Dataset NIR cargado desde cache (781 muestras)
2026-06-07 17:10:42 | INFO    | cos | Top 10 bandas (NIR): 1369nm, 1321nm, 2299nm, 1572nm, 1398nm, 1344nm, 1128nm, 2355nm, 1182nm, 2277nm
2026-06-07 17:10:43 | INFO    | cos | Reporte HTML generado: C:\Users\lvgar\Music\COS\carbono_cos_dl\results\reporte_final.html
2026-06-07 17:10:43 | INFO    | cos | LISTO. Abre el reporte: C:\Users\lvgar\Music\COS\carbono_cos_dl\results\reporte_final.html
